\BOOKMARK [1][-]{section.1}{Auvi}{}% 1
\BOOKMARK [2][-]{subsection.1.1}{Programm}{section.1}% 2
\BOOKMARK [2][-]{subsection.1.2}{Meteorologie}{section.1}% 3
\BOOKMARK [3][-]{subsubsection.1.2.1}{Prognosetheorie}{subsection.1.2}% 4
\BOOKMARK [3][-]{subsubsection.1.2.2}{Prognosen per Hand}{subsection.1.2}% 5
\BOOKMARK [3][-]{subsubsection.1.2.3}{Voraussetzung f\374r Datenprognosen}{subsection.1.2}% 6
\BOOKMARK [2][-]{subsection.1.3}{Datenquellen}{section.1}% 7
\BOOKMARK [3][-]{subsubsection.1.3.1}{Quellenvergleich}{subsection.1.3}% 8
\BOOKMARK [3][-]{subsubsection.1.3.2}{Datenverf\374gbarkeit}{subsection.1.3}% 9
\BOOKMARK [2][-]{subsection.1.4}{Entwicklung}{section.1}% 10
\BOOKMARK [3][-]{subsubsection.1.4.1}{Wahl der Umgebung}{subsection.1.4}% 11
\BOOKMARK [3][-]{subsubsection.1.4.2}{Methodik}{subsection.1.4}% 12
\BOOKMARK [3][-]{subsubsection.1.4.3}{genutzte Mittel}{subsection.1.4}% 13
\BOOKMARK [3][-]{subsubsection.1.4.4}{Servertechnik}{subsection.1.4}% 14
\BOOKMARK [2][-]{subsection.1.5}{Schnittstelle mit dem Nutzer}{section.1}% 15
\BOOKMARK [3][-]{subsubsection.1.5.1}{Webseite}{subsection.1.5}% 16
\BOOKMARK [3][-]{subsubsection.1.5.2}{Datenformate}{subsection.1.5}% 17
\BOOKMARK [3][-]{subsubsection.1.5.3}{Schulhompage}{subsection.1.5}% 18
\BOOKMARK [2][-]{subsection.1.6}{Szenario}{section.1}% 19
\BOOKMARK [3][-]{subsubsection.1.6.1}{Fr\374hwarnung}{subsection.1.6}% 20
\BOOKMARK [3][-]{subsubsection.1.6.2}{Exotische Orte}{subsection.1.6}% 21
\BOOKMARK [3][-]{subsubsection.1.6.3}{Wissenschaft}{subsection.1.6}% 22
\BOOKMARK [3][-]{subsubsection.1.6.4}{Anpassung}{subsection.1.6}% 23
\BOOKMARK [2][-]{subsection.1.7}{\326ffentlichkeitsarbeit}{section.1}% 24
\BOOKMARK [1][-]{section.2}{Weather Monitoring System}{}% 25
\BOOKMARK [2][-]{subsection.2.1}{Konzept}{section.2}% 26
\BOOKMARK [2][-]{subsection.2.2}{Interface}{section.2}% 27
\BOOKMARK [2][-]{subsection.2.3}{Erreichbarkeit}{section.2}% 28
\BOOKMARK [2][-]{subsection.2.4}{Sicherheit}{section.2}% 29
\BOOKMARK [1][-]{section.3}{Makanya}{}% 30
\BOOKMARK [2][-]{subsection.3.1}{Hintergrund}{section.3}% 31
\BOOKMARK [2][-]{subsection.3.2}{Methodik}{section.3}% 32
\BOOKMARK [2][-]{subsection.3.3}{Ergebnis}{section.3}% 33
